{"C:\\Users\\Nexus\\LFA\\lap3\\GroupProject\\BE\\everyday-im-learning-server\\app.js": {"path":"C:\\Users\\Nexus\\LFA\\lap3\\GroupProject\\BE\\everyday-im-learning-server\\app.js","statementMap":{"0":{"start":{"line":1,"column":16},"end":{"line":1,"column":34}},"1":{"start":{"line":2,"column":13},"end":{"line":2,"column":28}},"2":{"start":{"line":4,"column":12},"end":{"line":4,"column":21}},"3":{"start":{"line":6,"column":21},"end":{"line":6,"column":52}},"4":{"start":{"line":7,"column":20},"end":{"line":7,"column":50}},"5":{"start":{"line":9,"column":0},"end":{"line":9,"column":16}},"6":{"start":{"line":10,"column":0},"end":{"line":10,"column":24}},"7":{"start":{"line":12,"column":0},"end":{"line":12,"column":36}},"8":{"start":{"line":13,"column":0},"end":{"line":13,"column":30}},"9":{"start":{"line":16,"column":0},"end":{"line":18,"column":4}},"10":{"start":{"line":17,"column":4},"end":{"line":17,"column":43}},"11":{"start":{"line":20,"column":0},"end":{"line":20,"column":21}}},"fnMap":{"0":{"name":"(anonymous_0)","decl":{"start":{"line":16,"column":13},"end":{"line":16,"column":14}},"loc":{"start":{"line":16,"column":27},"end":{"line":18,"column":3}},"line":16}},"branchMap":{},"s":{"0":1,"1":1,"2":1,"3":1,"4":1,"5":1,"6":1,"7":1,"8":1,"9":1,"10":1,"11":1},"f":{"0":1},"b":{},"_coverageSchema":"1a1c01bbd47fc00a2c39e90264f33305004495a9","hash":"f88b849318922784ffac44636fae358aa4f137e9"}
,"C:\\Users\\Nexus\\LFA\\lap3\\GroupProject\\BE\\everyday-im-learning-server\\controllers\\TaskControllers.js": {"path":"C:\\Users\\Nexus\\LFA\\lap3\\GroupProject\\BE\\everyday-im-learning-server\\controllers\\TaskControllers.js","statementMap":{"0":{"start":{"line":1,"column":13},"end":{"line":1,"column":47}},"1":{"start":{"line":2,"column":13},"end":{"line":2,"column":48}},"2":{"start":{"line":5,"column":2},"end":{"line":12,"column":3}},"3":{"start":{"line":6,"column":18},"end":{"line":6,"column":37}},"4":{"start":{"line":7,"column":4},"end":{"line":7,"column":32}},"5":{"start":{"line":9,"column":4},"end":{"line":11,"column":76}},"6":{"start":{"line":30,"column":2},"end":{"line":42,"column":3}},"7":{"start":{"line":31,"column":24},"end":{"line":31,"column":76}},"8":{"start":{"line":32,"column":15},"end":{"line":32,"column":27}},"9":{"start":{"line":33,"column":24},"end":{"line":33,"column":62}},"10":{"start":{"line":36,"column":17},"end":{"line":36,"column":40}},"11":{"start":{"line":37,"column":4},"end":{"line":37,"column":31}},"12":{"start":{"line":39,"column":4},"end":{"line":41,"column":75}},"13":{"start":{"line":46,"column":2},"end":{"line":52,"column":3}},"14":{"start":{"line":47,"column":17},"end":{"line":47,"column":45}},"15":{"start":{"line":48,"column":20},"end":{"line":48,"column":45}},"16":{"start":{"line":49,"column":6},"end":{"line":49,"column":33}},"17":{"start":{"line":51,"column":4},"end":{"line":51,"column":94}},"18":{"start":{"line":56,"column":2},"end":{"line":62,"column":3}},"19":{"start":{"line":57,"column":15},"end":{"line":57,"column":43}},"20":{"start":{"line":58,"column":18},"end":{"line":58,"column":62}},"21":{"start":{"line":59,"column":6},"end":{"line":59,"column":33}},"22":{"start":{"line":61,"column":4},"end":{"line":61,"column":94}},"23":{"start":{"line":66,"column":2},"end":{"line":75,"column":3}},"24":{"start":{"line":69,"column":17},"end":{"line":69,"column":31}},"25":{"start":{"line":70,"column":25},"end":{"line":70,"column":29}},"26":{"start":{"line":71,"column":20},"end":{"line":71,"column":56}},"27":{"start":{"line":72,"column":6},"end":{"line":72,"column":35}},"28":{"start":{"line":74,"column":4},"end":{"line":74,"column":48}},"29":{"start":{"line":79,"column":2},"end":{"line":86,"column":3}},"30":{"start":{"line":80,"column":17},"end":{"line":80,"column":45}},"31":{"start":{"line":81,"column":19},"end":{"line":81,"column":44}},"32":{"start":{"line":82,"column":21},"end":{"line":82,"column":45}},"33":{"start":{"line":83,"column":6},"end":{"line":83,"column":35}},"34":{"start":{"line":85,"column":6},"end":{"line":85,"column":50}},"35":{"start":{"line":90,"column":2},"end":{"line":97,"column":3}},"36":{"start":{"line":91,"column":17},"end":{"line":91,"column":45}},"37":{"start":{"line":92,"column":19},"end":{"line":92,"column":45}},"38":{"start":{"line":93,"column":21},"end":{"line":93,"column":48}},"39":{"start":{"line":94,"column":6},"end":{"line":94,"column":35}},"40":{"start":{"line":96,"column":6},"end":{"line":96,"column":50}},"41":{"start":{"line":100,"column":2},"end":{"line":113,"column":3}},"42":{"start":{"line":101,"column":19},"end":{"line":101,"column":32}},"43":{"start":{"line":102,"column":24},"end":{"line":102,"column":32}},"44":{"start":{"line":103,"column":24},"end":{"line":103,"column":66}},"45":{"start":{"line":104,"column":4},"end":{"line":108,"column":5}},"46":{"start":{"line":105,"column":6},"end":{"line":105,"column":40}},"47":{"start":{"line":107,"column":6},"end":{"line":107,"column":76}},"48":{"start":{"line":110,"column":4},"end":{"line":112,"column":75}},"49":{"start":{"line":117,"column":2},"end":{"line":130,"column":3}},"50":{"start":{"line":118,"column":19},"end":{"line":118,"column":32}},"51":{"start":{"line":119,"column":19},"end":{"line":119,"column":36}},"52":{"start":{"line":120,"column":24},"end":{"line":120,"column":32}},"53":{"start":{"line":121,"column":24},"end":{"line":122,"column":26}},"54":{"start":{"line":123,"column":6},"end":{"line":127,"column":7}},"55":{"start":{"line":124,"column":8},"end":{"line":124,"column":42}},"56":{"start":{"line":126,"column":8},"end":{"line":126,"column":78}},"57":{"start":{"line":129,"column":4},"end":{"line":129,"column":88}},"58":{"start":{"line":133,"column":0},"end":{"line":142,"column":21}},"59":{"start":{"line":142,"column":38},"end":{"line":142,"column":36149}},"60":{"start":{"line":142,"column":42},"end":{"line":142,"column":36138}},"61":{"start":{"line":142,"column":36174},"end":{"line":142,"column":36214}},"62":{"start":{"line":142,"column":36178},"end":{"line":142,"column":36203}},"63":{"start":{"line":142,"column":36215},"end":{"line":142,"column":36223}},"64":{"start":{"line":142,"column":36248},"end":{"line":142,"column":36290}},"65":{"start":{"line":142,"column":36252},"end":{"line":142,"column":36279}},"66":{"start":{"line":142,"column":36291},"end":{"line":142,"column":36299}},"67":{"start":{"line":142,"column":36318},"end":{"line":142,"column":36355}},"68":{"start":{"line":142,"column":36322},"end":{"line":142,"column":36344}},"69":{"start":{"line":142,"column":36374},"end":{"line":142,"column":36414}},"70":{"start":{"line":142,"column":36378},"end":{"line":142,"column":36403}}},"fnMap":{"0":{"name":"index","decl":{"start":{"line":4,"column":15},"end":{"line":4,"column":20}},"loc":{"start":{"line":4,"column":31},"end":{"line":13,"column":1}},"line":4},"1":{"name":"getUser","decl":{"start":{"line":29,"column":15},"end":{"line":29,"column":22}},"loc":{"start":{"line":29,"column":33},"end":{"line":43,"column":1}},"line":29},"2":{"name":"getTasks","decl":{"start":{"line":45,"column":15},"end":{"line":45,"column":23}},"loc":{"start":{"line":45,"column":34},"end":{"line":53,"column":1}},"line":45},"3":{"name":"getTask","decl":{"start":{"line":55,"column":15},"end":{"line":55,"column":22}},"loc":{"start":{"line":55,"column":33},"end":{"line":63,"column":1}},"line":55},"4":{"name":"createTask","decl":{"start":{"line":65,"column":15},"end":{"line":65,"column":25}},"loc":{"start":{"line":65,"column":36},"end":{"line":76,"column":1}},"line":65},"5":{"name":"deleteUser","decl":{"start":{"line":78,"column":15},"end":{"line":78,"column":25}},"loc":{"start":{"line":78,"column":37},"end":{"line":87,"column":1}},"line":78},"6":{"name":"deleteTask","decl":{"start":{"line":89,"column":15},"end":{"line":89,"column":25}},"loc":{"start":{"line":89,"column":37},"end":{"line":98,"column":1}},"line":89},"7":{"name":"updateUser","decl":{"start":{"line":99,"column":15},"end":{"line":99,"column":25}},"loc":{"start":{"line":99,"column":36},"end":{"line":114,"column":1}},"line":99},"8":{"name":"updateTask","decl":{"start":{"line":116,"column":15},"end":{"line":116,"column":25}},"loc":{"start":{"line":116,"column":36},"end":{"line":131,"column":1}},"line":116},"9":{"name":"oo_cm","decl":{"start":{"line":142,"column":30},"end":{"line":142,"column":35}},"loc":{"start":{"line":142,"column":37},"end":{"line":142,"column":36150}},"line":142},"10":{"name":"oo_oo","decl":{"start":{"line":142,"column":36160},"end":{"line":142,"column":36165}},"loc":{"start":{"line":142,"column":36173},"end":{"line":142,"column":36224}},"line":142},"11":{"name":"oo_tr","decl":{"start":{"line":142,"column":36234},"end":{"line":142,"column":36239}},"loc":{"start":{"line":142,"column":36247},"end":{"line":142,"column":36300}},"line":142},"12":{"name":"oo_ts","decl":{"start":{"line":142,"column":36310},"end":{"line":142,"column":36315}},"loc":{"start":{"line":142,"column":36317},"end":{"line":142,"column":36356}},"line":142},"13":{"name":"oo_te","decl":{"start":{"line":142,"column":36366},"end":{"line":142,"column":36371}},"loc":{"start":{"line":142,"column":36373},"end":{"line":142,"column":36415}},"line":142}},"branchMap":{"0":{"loc":{"start":{"line":104,"column":4},"end":{"line":108,"column":5}},"type":"if","locations":[{"start":{"line":104,"column":4},"end":{"line":108,"column":5}},{"start":{"line":106,"column":11},"end":{"line":108,"column":5}}],"line":104},"1":{"loc":{"start":{"line":123,"column":6},"end":{"line":127,"column":7}},"type":"if","locations":[{"start":{"line":123,"column":6},"end":{"line":127,"column":7}},{"start":{"line":125,"column":13},"end":{"line":127,"column":7}}],"line":123},"2":{"loc":{"start":{"line":142,"column":49},"end":{"line":142,"column":36137}},"type":"binary-expr","locations":[{"start":{"line":142,"column":49},"end":{"line":142,"column":86}},{"start":{"line":142,"column":90},"end":{"line":142,"column":36137}}],"line":142}},"s":{"0":1,"1":1,"2":0,"3":0,"4":0,"5":0,"6":0,"7":0,"8":0,"9":0,"10":0,"11":0,"12":0,"13":0,"14":0,"15":0,"16":0,"17":0,"18":0,"19":0,"20":0,"21":0,"22":0,"23":0,"24":0,"25":0,"26":0,"27":0,"28":0,"29":0,"30":0,"31":0,"32":0,"33":0,"34":0,"35":0,"36":0,"37":0,"38":0,"39":0,"40":0,"41":0,"42":0,"43":0,"44":0,"45":0,"46":0,"47":0,"48":0,"49":0,"50":0,"51":0,"52":0,"53":0,"54":0,"55":0,"56":0,"57":0,"58":1,"59":0,"60":0,"61":0,"62":0,"63":0,"64":0,"65":0,"66":0,"67":0,"68":0,"69":0,"70":0},"f":{"0":0,"1":0,"2":0,"3":0,"4":0,"5":0,"6":0,"7":0,"8":0,"9":0,"10":0,"11":0,"12":0,"13":0},"b":{"0":[0,0],"1":[0,0],"2":[0,0]},"_coverageSchema":"1a1c01bbd47fc00a2c39e90264f33305004495a9","hash":"e922b84574ae8845f42d97b56b6ad972104d8248"}
,"C:\\Users\\Nexus\\LFA\\lap3\\GroupProject\\BE\\everyday-im-learning-server\\controllers\\usersControllers.js": {"path":"C:\\Users\\Nexus\\LFA\\lap3\\GroupProject\\BE\\everyday-im-learning-server\\controllers\\usersControllers.js","statementMap":{"0":{"start":{"line":1,"column":14},"end":{"line":1,"column":45}},"1":{"start":{"line":2,"column":12},"end":{"line":2,"column":35}},"2":{"start":{"line":4,"column":20},"end":{"line":6,"column":1}},"3":{"start":{"line":5,"column":2},"end":{"line":5,"column":65}},"4":{"start":{"line":9,"column":18},"end":{"line":24,"column":1}},"5":{"start":{"line":10,"column":28},"end":{"line":10,"column":36}},"6":{"start":{"line":12,"column":2},"end":{"line":23,"column":3}},"7":{"start":{"line":13,"column":17},"end":{"line":13,"column":51}},"8":{"start":{"line":15,"column":18},"end":{"line":15,"column":39}},"9":{"start":{"line":17,"column":4},"end":{"line":17,"column":40}},"10":{"start":{"line":21,"column":4},"end":{"line":21,"column":48}},"11":{"start":{"line":27,"column":19},"end":{"line":43,"column":1}},"12":{"start":{"line":28,"column":30},"end":{"line":28,"column":38}},"13":{"start":{"line":30,"column":2},"end":{"line":41,"column":3}},"14":{"start":{"line":31,"column":17},"end":{"line":31,"column":52}},"15":{"start":{"line":33,"column":18},"end":{"line":33,"column":39}},"16":{"start":{"line":35,"column":4},"end":{"line":35,"column":40}},"17":{"start":{"line":39,"column":4},"end":{"line":39,"column":48}},"18":{"start":{"line":60,"column":0},"end":{"line":62,"column":1}}},"fnMap":{"0":{"name":"(anonymous_0)","decl":{"start":{"line":4,"column":20},"end":{"line":4,"column":21}},"loc":{"start":{"line":4,"column":29},"end":{"line":6,"column":1}},"line":4},"1":{"name":"(anonymous_1)","decl":{"start":{"line":9,"column":18},"end":{"line":9,"column":19}},"loc":{"start":{"line":9,"column":38},"end":{"line":24,"column":1}},"line":9},"2":{"name":"(anonymous_2)","decl":{"start":{"line":27,"column":19},"end":{"line":27,"column":20}},"loc":{"start":{"line":27,"column":39},"end":{"line":43,"column":1}},"line":27}},"branchMap":{},"s":{"0":1,"1":1,"2":1,"3":0,"4":1,"5":0,"6":0,"7":0,"8":0,"9":0,"10":0,"11":1,"12":0,"13":0,"14":0,"15":0,"16":0,"17":0,"18":1},"f":{"0":0,"1":0,"2":0},"b":{},"_coverageSchema":"1a1c01bbd47fc00a2c39e90264f33305004495a9","hash":"a5a24f7ca8936cd50d48e1988fe0022ecd134814"}
,"C:\\Users\\Nexus\\LFA\\lap3\\GroupProject\\BE\\everyday-im-learning-server\\models\\tasksModels.js": {"path":"C:\\Users\\Nexus\\LFA\\lap3\\GroupProject\\BE\\everyday-im-learning-server\\models\\tasksModels.js","statementMap":{"0":{"start":{"line":1,"column":17},"end":{"line":1,"column":36}},"1":{"start":{"line":3,"column":15},"end":{"line":3,"column":30}},"2":{"start":{"line":5,"column":20},"end":{"line":22,"column":22}},"3":{"start":{"line":24,"column":0},"end":{"line":24,"column":55}}},"fnMap":{},"branchMap":{},"s":{"0":1,"1":1,"2":1,"3":1},"f":{},"b":{},"_coverageSchema":"1a1c01bbd47fc00a2c39e90264f33305004495a9","hash":"4ca0d70fb826aef6167b0b908d531bbf8326a2da"}
,"C:\\Users\\Nexus\\LFA\\lap3\\GroupProject\\BE\\everyday-im-learning-server\\models\\usersModel.js": {"path":"C:\\Users\\Nexus\\LFA\\lap3\\GroupProject\\BE\\everyday-im-learning-server\\models\\usersModel.js","statementMap":{"0":{"start":{"line":1,"column":17},"end":{"line":1,"column":36}},"1":{"start":{"line":2,"column":15},"end":{"line":2,"column":32}},"2":{"start":{"line":3,"column":18},"end":{"line":3,"column":38}},"3":{"start":{"line":5,"column":15},"end":{"line":5,"column":30}},"4":{"start":{"line":7,"column":20},"end":{"line":17,"column":2}},"5":{"start":{"line":20,"column":0},"end":{"line":47,"column":1}},"6":{"start":{"line":22,"column":2},"end":{"line":24,"column":3}},"7":{"start":{"line":23,"column":4},"end":{"line":23,"column":45}},"8":{"start":{"line":26,"column":2},"end":{"line":28,"column":3}},"9":{"start":{"line":27,"column":4},"end":{"line":27,"column":35}},"10":{"start":{"line":30,"column":2},"end":{"line":32,"column":3}},"11":{"start":{"line":31,"column":4},"end":{"line":31,"column":45}},"12":{"start":{"line":34,"column":17},"end":{"line":34,"column":47}},"13":{"start":{"line":36,"column":2},"end":{"line":38,"column":3}},"14":{"start":{"line":37,"column":4},"end":{"line":37,"column":38}},"15":{"start":{"line":40,"column":15},"end":{"line":40,"column":39}},"16":{"start":{"line":42,"column":15},"end":{"line":42,"column":48}},"17":{"start":{"line":44,"column":15},"end":{"line":44,"column":59}},"18":{"start":{"line":46,"column":2},"end":{"line":46,"column":13}},"19":{"start":{"line":50,"column":0},"end":{"line":69,"column":1}},"20":{"start":{"line":52,"column":2},"end":{"line":54,"column":3}},"21":{"start":{"line":53,"column":4},"end":{"line":53,"column":45}},"22":{"start":{"line":56,"column":15},"end":{"line":56,"column":45}},"23":{"start":{"line":58,"column":2},"end":{"line":60,"column":3}},"24":{"start":{"line":59,"column":4},"end":{"line":59,"column":34}},"25":{"start":{"line":62,"column":16},"end":{"line":62,"column":62}},"26":{"start":{"line":64,"column":2},"end":{"line":66,"column":3}},"27":{"start":{"line":65,"column":4},"end":{"line":65,"column":37}},"28":{"start":{"line":68,"column":2},"end":{"line":68,"column":13}},"29":{"start":{"line":73,"column":0},"end":{"line":73,"column":52}}},"fnMap":{"0":{"name":"(anonymous_0)","decl":{"start":{"line":20,"column":29},"end":{"line":20,"column":30}},"loc":{"start":{"line":20,"column":63},"end":{"line":47,"column":1}},"line":20},"1":{"name":"(anonymous_1)","decl":{"start":{"line":50,"column":28},"end":{"line":50,"column":29}},"loc":{"start":{"line":50,"column":61},"end":{"line":69,"column":1}},"line":50}},"branchMap":{"0":{"loc":{"start":{"line":22,"column":2},"end":{"line":24,"column":3}},"type":"if","locations":[{"start":{"line":22,"column":2},"end":{"line":24,"column":3}},{"start":{},"end":{}}],"line":22},"1":{"loc":{"start":{"line":22,"column":6},"end":{"line":22,"column":25}},"type":"binary-expr","locations":[{"start":{"line":22,"column":6},"end":{"line":22,"column":12}},{"start":{"line":22,"column":16},"end":{"line":22,"column":25}}],"line":22},"2":{"loc":{"start":{"line":26,"column":2},"end":{"line":28,"column":3}},"type":"if","locations":[{"start":{"line":26,"column":2},"end":{"line":28,"column":3}},{"start":{},"end":{}}],"line":26},"3":{"loc":{"start":{"line":30,"column":2},"end":{"line":32,"column":3}},"type":"if","locations":[{"start":{"line":30,"column":2},"end":{"line":32,"column":3}},{"start":{},"end":{}}],"line":30},"4":{"loc":{"start":{"line":36,"column":2},"end":{"line":38,"column":3}},"type":"if","locations":[{"start":{"line":36,"column":2},"end":{"line":38,"column":3}},{"start":{},"end":{}}],"line":36},"5":{"loc":{"start":{"line":52,"column":2},"end":{"line":54,"column":3}},"type":"if","locations":[{"start":{"line":52,"column":2},"end":{"line":54,"column":3}},{"start":{},"end":{}}],"line":52},"6":{"loc":{"start":{"line":52,"column":6},"end":{"line":52,"column":25}},"type":"binary-expr","locations":[{"start":{"line":52,"column":6},"end":{"line":52,"column":12}},{"start":{"line":52,"column":16},"end":{"line":52,"column":25}}],"line":52},"7":{"loc":{"start":{"line":58,"column":2},"end":{"line":60,"column":3}},"type":"if","locations":[{"start":{"line":58,"column":2},"end":{"line":60,"column":3}},{"start":{},"end":{}}],"line":58},"8":{"loc":{"start":{"line":64,"column":2},"end":{"line":66,"column":3}},"type":"if","locations":[{"start":{"line":64,"column":2},"end":{"line":66,"column":3}},{"start":{},"end":{}}],"line":64}},"s":{"0":1,"1":1,"2":1,"3":1,"4":1,"5":1,"6":0,"7":0,"8":0,"9":0,"10":0,"11":0,"12":0,"13":0,"14":0,"15":0,"16":0,"17":0,"18":0,"19":1,"20":0,"21":0,"22":0,"23":0,"24":0,"25":0,"26":0,"27":0,"28":0,"29":1},"f":{"0":0,"1":0},"b":{"0":[0,0],"1":[0,0],"2":[0,0],"3":[0,0],"4":[0,0],"5":[0,0],"6":[0,0],"7":[0,0],"8":[0,0]},"_coverageSchema":"1a1c01bbd47fc00a2c39e90264f33305004495a9","hash":"6ba1b73d2772ee9f26110272bc0ec7147e82b909"}
,"C:\\Users\\Nexus\\LFA\\lap3\\GroupProject\\BE\\everyday-im-learning-server\\routes\\tasksRoutes.js": {"path":"C:\\Users\\Nexus\\LFA\\lap3\\GroupProject\\BE\\everyday-im-learning-server\\routes\\tasksRoutes.js","statementMap":{"0":{"start":{"line":1,"column":19},"end":{"line":1,"column":37}},"1":{"start":{"line":3,"column":23},"end":{"line":3,"column":67}},"2":{"start":{"line":5,"column":15},"end":{"line":5,"column":23}},"3":{"start":{"line":7,"column":0},"end":{"line":7,"column":48}},"4":{"start":{"line":8,"column":0},"end":{"line":8,"column":55}},"5":{"start":{"line":9,"column":0},"end":{"line":9,"column":63}},"6":{"start":{"line":11,"column":0},"end":{"line":11,"column":67}},"7":{"start":{"line":14,"column":0},"end":{"line":14,"column":54}},"8":{"start":{"line":15,"column":0},"end":{"line":15,"column":69}},"9":{"start":{"line":18,"column":0},"end":{"line":18,"column":24}}},"fnMap":{},"branchMap":{},"s":{"0":1,"1":1,"2":1,"3":1,"4":1,"5":1,"6":1,"7":1,"8":1,"9":1},"f":{},"b":{},"_coverageSchema":"1a1c01bbd47fc00a2c39e90264f33305004495a9","hash":"6d26ac53d75b95c42ca6fb5913817b367cc7be19"}
,"C:\\Users\\Nexus\\LFA\\lap3\\GroupProject\\BE\\everyday-im-learning-server\\routes\\userRoutes.js": {"path":"C:\\Users\\Nexus\\LFA\\lap3\\GroupProject\\BE\\everyday-im-learning-server\\routes\\userRoutes.js","statementMap":{"0":{"start":{"line":1,"column":19},"end":{"line":1,"column":37}},"1":{"start":{"line":2,"column":15},"end":{"line":2,"column":23}},"2":{"start":{"line":4,"column":43},"end":{"line":4,"column":85}},"3":{"start":{"line":7,"column":0},"end":{"line":7,"column":32}},"4":{"start":{"line":10,"column":0},"end":{"line":10,"column":34}},"5":{"start":{"line":15,"column":0},"end":{"line":15,"column":23}}},"fnMap":{},"branchMap":{},"s":{"0":1,"1":1,"2":1,"3":1,"4":1,"5":1},"f":{},"b":{},"_coverageSchema":"1a1c01bbd47fc00a2c39e90264f33305004495a9","hash":"3b6f92fe355c537593d10f2b72ba72ed2795b84d"}
}
