{"C:\\Users\\becki\\Desktop\\Git\\La Fosse Project Week\\Protect The Panda\\everyday-im-learning-server\\app.js": {"path":"C:\\Users\\becki\\Desktop\\Git\\La Fosse Project Week\\Protect The Panda\\everyday-im-learning-server\\app.js","statementMap":{"0":{"start":{"line":1,"column":16},"end":{"line":1,"column":34}},"1":{"start":{"line":2,"column":13},"end":{"line":2,"column":28}},"2":{"start":{"line":4,"column":12},"end":{"line":4,"column":21}},"3":{"start":{"line":6,"column":20},"end":{"line":6,"column":51}},"4":{"start":{"line":7,"column":20},"end":{"line":7,"column":50}},"5":{"start":{"line":9,"column":0},"end":{"line":9,"column":16}},"6":{"start":{"line":10,"column":0},"end":{"line":10,"column":24}},"7":{"start":{"line":12,"column":0},"end":{"line":12,"column":30}},"8":{"start":{"line":13,"column":0},"end":{"line":13,"column":30}},"9":{"start":{"line":15,"column":0},"end":{"line":17,"column":4}},"10":{"start":{"line":16,"column":4},"end":{"line":16,"column":43}},"11":{"start":{"line":19,"column":0},"end":{"line":19,"column":21}}},"fnMap":{"0":{"name":"(anonymous_0)","decl":{"start":{"line":15,"column":13},"end":{"line":15,"column":14}},"loc":{"start":{"line":15,"column":27},"end":{"line":17,"column":3}},"line":15}},"branchMap":{},"s":{"0":3,"1":3,"2":3,"3":3,"4":3,"5":3,"6":3,"7":3,"8":3,"9":3,"10":2,"11":3},"f":{"0":2},"b":{},"_coverageSchema":"1a1c01bbd47fc00a2c39e90264f33305004495a9","hash":"07f8e5b631f77f2b64293ad6925d31ae29addf97"}
,"C:\\Users\\becki\\Desktop\\Git\\La Fosse Project Week\\Protect The Panda\\everyday-im-learning-server\\controllers\\tasksController.js": {"path":"C:\\Users\\becki\\Desktop\\Git\\La Fosse Project Week\\Protect The Panda\\everyday-im-learning-server\\controllers\\tasksController.js","statementMap":{"0":{"start":{"line":1,"column":14},"end":{"line":1,"column":46}},"1":{"start":{"line":2,"column":17},"end":{"line":2,"column":36}},"2":{"start":{"line":5,"column":17},"end":{"line":10,"column":1}},"3":{"start":{"line":6,"column":18},"end":{"line":6,"column":30}},"4":{"start":{"line":8,"column":16},"end":{"line":8,"column":67}},"5":{"start":{"line":9,"column":2},"end":{"line":9,"column":29}},"6":{"start":{"line":13,"column":20},"end":{"line":27,"column":1}},"7":{"start":{"line":14,"column":17},"end":{"line":14,"column":27}},"8":{"start":{"line":16,"column":2},"end":{"line":18,"column":3}},"9":{"start":{"line":17,"column":4},"end":{"line":17,"column":66}},"10":{"start":{"line":20,"column":15},"end":{"line":20,"column":39}},"11":{"start":{"line":22,"column":2},"end":{"line":24,"column":3}},"12":{"start":{"line":23,"column":4},"end":{"line":23,"column":56}},"13":{"start":{"line":26,"column":2},"end":{"line":26,"column":28}},"14":{"start":{"line":30,"column":19},"end":{"line":55,"column":1}},"15":{"start":{"line":31,"column":23},"end":{"line":31,"column":31}},"16":{"start":{"line":33,"column":20},"end":{"line":33,"column":22}},"17":{"start":{"line":35,"column":2},"end":{"line":37,"column":3}},"18":{"start":{"line":36,"column":4},"end":{"line":36,"column":28}},"19":{"start":{"line":38,"column":2},"end":{"line":40,"column":3}},"20":{"start":{"line":39,"column":4},"end":{"line":39,"column":28}},"21":{"start":{"line":42,"column":2},"end":{"line":44,"column":3}},"22":{"start":{"line":43,"column":4},"end":{"line":43,"column":82}},"23":{"start":{"line":47,"column":2},"end":{"line":54,"column":3}},"24":{"start":{"line":48,"column":20},"end":{"line":48,"column":32}},"25":{"start":{"line":50,"column":20},"end":{"line":50,"column":61}},"26":{"start":{"line":51,"column":4},"end":{"line":51,"column":33}},"27":{"start":{"line":53,"column":4},"end":{"line":53,"column":48}},"28":{"start":{"line":58,"column":19},"end":{"line":72,"column":1}},"29":{"start":{"line":59,"column":17},"end":{"line":59,"column":27}},"30":{"start":{"line":61,"column":2},"end":{"line":63,"column":3}},"31":{"start":{"line":62,"column":4},"end":{"line":62,"column":56}},"32":{"start":{"line":65,"column":15},"end":{"line":65,"column":54}},"33":{"start":{"line":67,"column":2},"end":{"line":69,"column":3}},"34":{"start":{"line":68,"column":4},"end":{"line":68,"column":56}},"35":{"start":{"line":71,"column":2},"end":{"line":71,"column":28}},"36":{"start":{"line":75,"column":23},"end":{"line":91,"column":1}},"37":{"start":{"line":76,"column":17},"end":{"line":76,"column":27}},"38":{"start":{"line":78,"column":2},"end":{"line":80,"column":3}},"39":{"start":{"line":79,"column":4},"end":{"line":79,"column":56}},"40":{"start":{"line":82,"column":15},"end":{"line":84,"column":4}},"41":{"start":{"line":86,"column":2},"end":{"line":88,"column":3}},"42":{"start":{"line":87,"column":4},"end":{"line":87,"column":56}},"43":{"start":{"line":90,"column":2},"end":{"line":90,"column":28}},"44":{"start":{"line":95,"column":19},"end":{"line":113,"column":1}},"45":{"start":{"line":96,"column":17},"end":{"line":96,"column":27}},"46":{"start":{"line":98,"column":2},"end":{"line":98,"column":32}},"47":{"start":{"line":100,"column":2},"end":{"line":102,"column":3}},"48":{"start":{"line":101,"column":4},"end":{"line":101,"column":56}},"49":{"start":{"line":104,"column":15},"end":{"line":106,"column":4}},"50":{"start":{"line":108,"column":2},"end":{"line":110,"column":3}},"51":{"start":{"line":109,"column":4},"end":{"line":109,"column":56}},"52":{"start":{"line":112,"column":2},"end":{"line":112,"column":28}},"53":{"start":{"line":116,"column":0},"end":{"line":123,"column":1}}},"fnMap":{"0":{"name":"(anonymous_0)","decl":{"start":{"line":5,"column":17},"end":{"line":5,"column":18}},"loc":{"start":{"line":5,"column":37},"end":{"line":10,"column":1}},"line":5},"1":{"name":"(anonymous_1)","decl":{"start":{"line":13,"column":20},"end":{"line":13,"column":21}},"loc":{"start":{"line":13,"column":39},"end":{"line":27,"column":1}},"line":13},"2":{"name":"(anonymous_2)","decl":{"start":{"line":30,"column":19},"end":{"line":30,"column":20}},"loc":{"start":{"line":30,"column":38},"end":{"line":55,"column":1}},"line":30},"3":{"name":"(anonymous_3)","decl":{"start":{"line":58,"column":19},"end":{"line":58,"column":20}},"loc":{"start":{"line":58,"column":39},"end":{"line":72,"column":1}},"line":58},"4":{"name":"(anonymous_4)","decl":{"start":{"line":75,"column":23},"end":{"line":75,"column":24}},"loc":{"start":{"line":75,"column":43},"end":{"line":91,"column":1}},"line":75},"5":{"name":"(anonymous_5)","decl":{"start":{"line":95,"column":19},"end":{"line":95,"column":20}},"loc":{"start":{"line":95,"column":39},"end":{"line":113,"column":1}},"line":95}},"branchMap":{"0":{"loc":{"start":{"line":16,"column":2},"end":{"line":18,"column":3}},"type":"if","locations":[{"start":{"line":16,"column":2},"end":{"line":18,"column":3}},{"start":{},"end":{}}],"line":16},"1":{"loc":{"start":{"line":22,"column":2},"end":{"line":24,"column":3}},"type":"if","locations":[{"start":{"line":22,"column":2},"end":{"line":24,"column":3}},{"start":{},"end":{}}],"line":22},"2":{"loc":{"start":{"line":35,"column":2},"end":{"line":37,"column":3}},"type":"if","locations":[{"start":{"line":35,"column":2},"end":{"line":37,"column":3}},{"start":{},"end":{}}],"line":35},"3":{"loc":{"start":{"line":38,"column":2},"end":{"line":40,"column":3}},"type":"if","locations":[{"start":{"line":38,"column":2},"end":{"line":40,"column":3}},{"start":{},"end":{}}],"line":38},"4":{"loc":{"start":{"line":42,"column":2},"end":{"line":44,"column":3}},"type":"if","locations":[{"start":{"line":42,"column":2},"end":{"line":44,"column":3}},{"start":{},"end":{}}],"line":42},"5":{"loc":{"start":{"line":61,"column":2},"end":{"line":63,"column":3}},"type":"if","locations":[{"start":{"line":61,"column":2},"end":{"line":63,"column":3}},{"start":{},"end":{}}],"line":61},"6":{"loc":{"start":{"line":67,"column":2},"end":{"line":69,"column":3}},"type":"if","locations":[{"start":{"line":67,"column":2},"end":{"line":69,"column":3}},{"start":{},"end":{}}],"line":67},"7":{"loc":{"start":{"line":78,"column":2},"end":{"line":80,"column":3}},"type":"if","locations":[{"start":{"line":78,"column":2},"end":{"line":80,"column":3}},{"start":{},"end":{}}],"line":78},"8":{"loc":{"start":{"line":86,"column":2},"end":{"line":88,"column":3}},"type":"if","locations":[{"start":{"line":86,"column":2},"end":{"line":88,"column":3}},{"start":{},"end":{}}],"line":86},"9":{"loc":{"start":{"line":100,"column":2},"end":{"line":102,"column":3}},"type":"if","locations":[{"start":{"line":100,"column":2},"end":{"line":102,"column":3}},{"start":{},"end":{}}],"line":100},"10":{"loc":{"start":{"line":108,"column":2},"end":{"line":110,"column":3}},"type":"if","locations":[{"start":{"line":108,"column":2},"end":{"line":110,"column":3}},{"start":{},"end":{}}],"line":108}},"s":{"0":3,"1":3,"2":3,"3":0,"4":0,"5":0,"6":3,"7":0,"8":0,"9":0,"10":0,"11":0,"12":0,"13":0,"14":3,"15":0,"16":0,"17":0,"18":0,"19":0,"20":0,"21":0,"22":0,"23":0,"24":0,"25":0,"26":0,"27":0,"28":3,"29":0,"30":0,"31":0,"32":0,"33":0,"34":0,"35":0,"36":3,"37":0,"38":0,"39":0,"40":0,"41":0,"42":0,"43":0,"44":3,"45":0,"46":0,"47":0,"48":0,"49":0,"50":0,"51":0,"52":0,"53":3},"f":{"0":0,"1":0,"2":0,"3":0,"4":0,"5":0},"b":{"0":[0,0],"1":[0,0],"2":[0,0],"3":[0,0],"4":[0,0],"5":[0,0],"6":[0,0],"7":[0,0],"8":[0,0],"9":[0,0],"10":[0,0]},"_coverageSchema":"1a1c01bbd47fc00a2c39e90264f33305004495a9","hash":"74a7b1806e8fdbbb81c1cb6eb50ce0749a94d1ae"}
,"C:\\Users\\becki\\Desktop\\Git\\La Fosse Project Week\\Protect The Panda\\everyday-im-learning-server\\controllers\\usersControllers.js": {"path":"C:\\Users\\becki\\Desktop\\Git\\La Fosse Project Week\\Protect The Panda\\everyday-im-learning-server\\controllers\\usersControllers.js","statementMap":{"0":{"start":{"line":1,"column":14},"end":{"line":1,"column":45}},"1":{"start":{"line":2,"column":12},"end":{"line":2,"column":35}},"2":{"start":{"line":4,"column":20},"end":{"line":6,"column":1}},"3":{"start":{"line":5,"column":2},"end":{"line":5,"column":65}},"4":{"start":{"line":9,"column":18},"end":{"line":24,"column":1}},"5":{"start":{"line":10,"column":28},"end":{"line":10,"column":36}},"6":{"start":{"line":12,"column":2},"end":{"line":23,"column":3}},"7":{"start":{"line":13,"column":17},"end":{"line":13,"column":51}},"8":{"start":{"line":15,"column":18},"end":{"line":15,"column":39}},"9":{"start":{"line":17,"column":4},"end":{"line":17,"column":40}},"10":{"start":{"line":21,"column":4},"end":{"line":21,"column":48}},"11":{"start":{"line":27,"column":19},"end":{"line":43,"column":1}},"12":{"start":{"line":28,"column":30},"end":{"line":28,"column":38}},"13":{"start":{"line":30,"column":2},"end":{"line":41,"column":3}},"14":{"start":{"line":31,"column":17},"end":{"line":31,"column":52}},"15":{"start":{"line":33,"column":18},"end":{"line":33,"column":39}},"16":{"start":{"line":35,"column":4},"end":{"line":35,"column":40}},"17":{"start":{"line":39,"column":4},"end":{"line":39,"column":48}},"18":{"start":{"line":60,"column":0},"end":{"line":62,"column":1}}},"fnMap":{"0":{"name":"(anonymous_0)","decl":{"start":{"line":4,"column":20},"end":{"line":4,"column":21}},"loc":{"start":{"line":4,"column":29},"end":{"line":6,"column":1}},"line":4},"1":{"name":"(anonymous_1)","decl":{"start":{"line":9,"column":18},"end":{"line":9,"column":19}},"loc":{"start":{"line":9,"column":38},"end":{"line":24,"column":1}},"line":9},"2":{"name":"(anonymous_2)","decl":{"start":{"line":27,"column":19},"end":{"line":27,"column":20}},"loc":{"start":{"line":27,"column":39},"end":{"line":43,"column":1}},"line":27}},"branchMap":{},"s":{"0":3,"1":3,"2":3,"3":0,"4":3,"5":0,"6":0,"7":0,"8":0,"9":0,"10":0,"11":3,"12":0,"13":0,"14":0,"15":0,"16":0,"17":0,"18":3},"f":{"0":0,"1":0,"2":0},"b":{},"_coverageSchema":"1a1c01bbd47fc00a2c39e90264f33305004495a9","hash":"ee98d5caaeb0885deb5480ef8db9d80cd732ee3d"}
,"C:\\Users\\becki\\Desktop\\Git\\La Fosse Project Week\\Protect The Panda\\everyday-im-learning-server\\middleware\\requireAuth.js": {"path":"C:\\Users\\becki\\Desktop\\Git\\La Fosse Project Week\\Protect The Panda\\everyday-im-learning-server\\middleware\\requireAuth.js","statementMap":{"0":{"start":{"line":1,"column":12},"end":{"line":1,"column":35}},"1":{"start":{"line":2,"column":13},"end":{"line":2,"column":44}},"2":{"start":{"line":4,"column":20},"end":{"line":24,"column":1}},"3":{"start":{"line":5,"column":28},"end":{"line":5,"column":39}},"4":{"start":{"line":7,"column":2},"end":{"line":9,"column":3}},"5":{"start":{"line":8,"column":4},"end":{"line":8,"column":72}},"6":{"start":{"line":11,"column":16},"end":{"line":11,"column":43}},"7":{"start":{"line":13,"column":2},"end":{"line":23,"column":3}},"8":{"start":{"line":14,"column":20},"end":{"line":14,"column":57}},"9":{"start":{"line":16,"column":4},"end":{"line":16,"column":57}},"10":{"start":{"line":18,"column":4},"end":{"line":18,"column":10}},"11":{"start":{"line":21,"column":4},"end":{"line":21,"column":22}},"12":{"start":{"line":22,"column":4},"end":{"line":22,"column":51}},"13":{"start":{"line":26,"column":0},"end":{"line":26,"column":28}}},"fnMap":{"0":{"name":"(anonymous_0)","decl":{"start":{"line":4,"column":20},"end":{"line":4,"column":21}},"loc":{"start":{"line":4,"column":47},"end":{"line":24,"column":1}},"line":4}},"branchMap":{"0":{"loc":{"start":{"line":7,"column":2},"end":{"line":9,"column":3}},"type":"if","locations":[{"start":{"line":7,"column":2},"end":{"line":9,"column":3}},{"start":{},"end":{}}],"line":7}},"s":{"0":3,"1":3,"2":3,"3":1,"4":1,"5":1,"6":0,"7":0,"8":0,"9":0,"10":0,"11":0,"12":0,"13":3},"f":{"0":1},"b":{"0":[1,0]},"_coverageSchema":"1a1c01bbd47fc00a2c39e90264f33305004495a9","hash":"d5fa8bb36133f28082250aac6a0b00880e2594ce"}
,"C:\\Users\\becki\\Desktop\\Git\\La Fosse Project Week\\Protect The Panda\\everyday-im-learning-server\\models\\tasksModels.js": {"path":"C:\\Users\\becki\\Desktop\\Git\\La Fosse Project Week\\Protect The Panda\\everyday-im-learning-server\\models\\tasksModels.js","statementMap":{"0":{"start":{"line":1,"column":17},"end":{"line":1,"column":36}},"1":{"start":{"line":3,"column":15},"end":{"line":3,"column":30}},"2":{"start":{"line":5,"column":20},"end":{"line":23,"column":22}},"3":{"start":{"line":25,"column":0},"end":{"line":25,"column":53}}},"fnMap":{},"branchMap":{},"s":{"0":3,"1":3,"2":3,"3":3},"f":{},"b":{},"_coverageSchema":"1a1c01bbd47fc00a2c39e90264f33305004495a9","hash":"b765ec867f05cb29e1d4f32bab581af2c176a192"}
,"C:\\Users\\becki\\Desktop\\Git\\La Fosse Project Week\\Protect The Panda\\everyday-im-learning-server\\models\\usersModel.js": {"path":"C:\\Users\\becki\\Desktop\\Git\\La Fosse Project Week\\Protect The Panda\\everyday-im-learning-server\\models\\usersModel.js","statementMap":{"0":{"start":{"line":1,"column":17},"end":{"line":1,"column":36}},"1":{"start":{"line":2,"column":15},"end":{"line":2,"column":32}},"2":{"start":{"line":3,"column":18},"end":{"line":3,"column":38}},"3":{"start":{"line":5,"column":15},"end":{"line":5,"column":30}},"4":{"start":{"line":7,"column":20},"end":{"line":17,"column":2}},"5":{"start":{"line":20,"column":0},"end":{"line":49,"column":1}},"6":{"start":{"line":22,"column":2},"end":{"line":24,"column":3}},"7":{"start":{"line":23,"column":4},"end":{"line":23,"column":45}},"8":{"start":{"line":26,"column":2},"end":{"line":28,"column":3}},"9":{"start":{"line":27,"column":4},"end":{"line":27,"column":35}},"10":{"start":{"line":30,"column":2},"end":{"line":32,"column":3}},"11":{"start":{"line":31,"column":4},"end":{"line":31,"column":45}},"12":{"start":{"line":35,"column":17},"end":{"line":35,"column":47}},"13":{"start":{"line":37,"column":2},"end":{"line":39,"column":3}},"14":{"start":{"line":38,"column":4},"end":{"line":38,"column":38}},"15":{"start":{"line":42,"column":15},"end":{"line":42,"column":39}},"16":{"start":{"line":44,"column":15},"end":{"line":44,"column":48}},"17":{"start":{"line":46,"column":15},"end":{"line":46,"column":59}},"18":{"start":{"line":48,"column":2},"end":{"line":48,"column":13}},"19":{"start":{"line":52,"column":0},"end":{"line":71,"column":1}},"20":{"start":{"line":54,"column":2},"end":{"line":56,"column":3}},"21":{"start":{"line":55,"column":4},"end":{"line":55,"column":45}},"22":{"start":{"line":58,"column":15},"end":{"line":58,"column":45}},"23":{"start":{"line":60,"column":2},"end":{"line":62,"column":3}},"24":{"start":{"line":61,"column":4},"end":{"line":61,"column":34}},"25":{"start":{"line":64,"column":16},"end":{"line":64,"column":62}},"26":{"start":{"line":66,"column":2},"end":{"line":68,"column":3}},"27":{"start":{"line":67,"column":4},"end":{"line":67,"column":37}},"28":{"start":{"line":70,"column":2},"end":{"line":70,"column":13}},"29":{"start":{"line":75,"column":0},"end":{"line":75,"column":52}}},"fnMap":{"0":{"name":"(anonymous_0)","decl":{"start":{"line":20,"column":29},"end":{"line":20,"column":30}},"loc":{"start":{"line":20,"column":63},"end":{"line":49,"column":1}},"line":20},"1":{"name":"(anonymous_1)","decl":{"start":{"line":52,"column":28},"end":{"line":52,"column":29}},"loc":{"start":{"line":52,"column":61},"end":{"line":71,"column":1}},"line":52}},"branchMap":{"0":{"loc":{"start":{"line":22,"column":2},"end":{"line":24,"column":3}},"type":"if","locations":[{"start":{"line":22,"column":2},"end":{"line":24,"column":3}},{"start":{},"end":{}}],"line":22},"1":{"loc":{"start":{"line":22,"column":6},"end":{"line":22,"column":25}},"type":"binary-expr","locations":[{"start":{"line":22,"column":6},"end":{"line":22,"column":12}},{"start":{"line":22,"column":16},"end":{"line":22,"column":25}}],"line":22},"2":{"loc":{"start":{"line":26,"column":2},"end":{"line":28,"column":3}},"type":"if","locations":[{"start":{"line":26,"column":2},"end":{"line":28,"column":3}},{"start":{},"end":{}}],"line":26},"3":{"loc":{"start":{"line":30,"column":2},"end":{"line":32,"column":3}},"type":"if","locations":[{"start":{"line":30,"column":2},"end":{"line":32,"column":3}},{"start":{},"end":{}}],"line":30},"4":{"loc":{"start":{"line":37,"column":2},"end":{"line":39,"column":3}},"type":"if","locations":[{"start":{"line":37,"column":2},"end":{"line":39,"column":3}},{"start":{},"end":{}}],"line":37},"5":{"loc":{"start":{"line":54,"column":2},"end":{"line":56,"column":3}},"type":"if","locations":[{"start":{"line":54,"column":2},"end":{"line":56,"column":3}},{"start":{},"end":{}}],"line":54},"6":{"loc":{"start":{"line":54,"column":6},"end":{"line":54,"column":25}},"type":"binary-expr","locations":[{"start":{"line":54,"column":6},"end":{"line":54,"column":12}},{"start":{"line":54,"column":16},"end":{"line":54,"column":25}}],"line":54},"7":{"loc":{"start":{"line":60,"column":2},"end":{"line":62,"column":3}},"type":"if","locations":[{"start":{"line":60,"column":2},"end":{"line":62,"column":3}},{"start":{},"end":{}}],"line":60},"8":{"loc":{"start":{"line":66,"column":2},"end":{"line":68,"column":3}},"type":"if","locations":[{"start":{"line":66,"column":2},"end":{"line":68,"column":3}},{"start":{},"end":{}}],"line":66}},"s":{"0":3,"1":3,"2":3,"3":3,"4":3,"5":3,"6":0,"7":0,"8":0,"9":0,"10":0,"11":0,"12":0,"13":0,"14":0,"15":0,"16":0,"17":0,"18":0,"19":3,"20":0,"21":0,"22":0,"23":0,"24":0,"25":0,"26":0,"27":0,"28":0,"29":3},"f":{"0":0,"1":0},"b":{"0":[0,0],"1":[0,0],"2":[0,0],"3":[0,0],"4":[0,0],"5":[0,0],"6":[0,0],"7":[0,0],"8":[0,0]},"_coverageSchema":"1a1c01bbd47fc00a2c39e90264f33305004495a9","hash":"f84a01ffb7ff66b0e7abd0de708d340f600e689c"}
,"C:\\Users\\becki\\Desktop\\Git\\La Fosse Project Week\\Protect The Panda\\everyday-im-learning-server\\routes\\tasksRoutes.js": {"path":"C:\\Users\\becki\\Desktop\\Git\\La Fosse Project Week\\Protect The Panda\\everyday-im-learning-server\\routes\\tasksRoutes.js","statementMap":{"0":{"start":{"line":1,"column":19},"end":{"line":1,"column":37}},"1":{"start":{"line":2,"column":15},"end":{"line":2,"column":23}},"2":{"start":{"line":21,"column":20},"end":{"line":21,"column":56}},"3":{"start":{"line":22,"column":0},"end":{"line":22,"column":23}},"4":{"start":{"line":32,"column":4},"end":{"line":32,"column":45}},"5":{"start":{"line":36,"column":0},"end":{"line":36,"column":25}},"6":{"start":{"line":39,"column":0},"end":{"line":39,"column":31}},"7":{"start":{"line":42,"column":0},"end":{"line":42,"column":28}},"8":{"start":{"line":45,"column":0},"end":{"line":45,"column":33}},"9":{"start":{"line":48,"column":0},"end":{"line":48,"column":45}},"10":{"start":{"line":51,"column":0},"end":{"line":51,"column":32}},"11":{"start":{"line":53,"column":0},"end":{"line":53,"column":24}}},"fnMap":{},"branchMap":{},"s":{"0":3,"1":3,"2":3,"3":3,"4":3,"5":3,"6":3,"7":3,"8":3,"9":3,"10":3,"11":3},"f":{},"b":{},"_coverageSchema":"1a1c01bbd47fc00a2c39e90264f33305004495a9","hash":"f3a7f6e38bdf9c3283fa29310096d0a8efa63a90"}
,"C:\\Users\\becki\\Desktop\\Git\\La Fosse Project Week\\Protect The Panda\\everyday-im-learning-server\\routes\\userRoutes.js": {"path":"C:\\Users\\becki\\Desktop\\Git\\La Fosse Project Week\\Protect The Panda\\everyday-im-learning-server\\routes\\userRoutes.js","statementMap":{"0":{"start":{"line":1,"column":19},"end":{"line":1,"column":37}},"1":{"start":{"line":2,"column":15},"end":{"line":2,"column":23}},"2":{"start":{"line":4,"column":43},"end":{"line":4,"column":85}},"3":{"start":{"line":7,"column":0},"end":{"line":7,"column":32}},"4":{"start":{"line":10,"column":0},"end":{"line":10,"column":34}},"5":{"start":{"line":15,"column":0},"end":{"line":15,"column":23}}},"fnMap":{},"branchMap":{},"s":{"0":3,"1":3,"2":3,"3":3,"4":3,"5":3},"f":{},"b":{},"_coverageSchema":"1a1c01bbd47fc00a2c39e90264f33305004495a9","hash":"d34a6c0db0fce9065b6f1321563c65beb62620f8"}
}
