TN:
SF:app.js
FN:16,(anonymous_0)
FNF:1
FNH:1
FNDA:1,(anonymous_0)
DA:1,1
DA:2,1
DA:4,1
DA:6,1
DA:7,1
DA:9,1
DA:10,1
DA:12,1
DA:13,1
DA:16,1
DA:17,1
DA:20,1
LF:12
LH:12
BRF:0
BRH:0
end_of_record
TN:
SF:controllers\TaskControllers.js
FN:4,index
FN:29,getUser
FN:45,getTasks
FN:55,getTask
FN:65,createTask
FN:78,deleteUser
FN:89,deleteTask
FN:99,updateUser
FN:116,updateTask
FN:142,oo_cm
FN:142,oo_oo
FN:142,oo_tr
FN:142,oo_ts
FN:142,oo_te
FNF:14
FNH:0
FNDA:0,index
FNDA:0,getUser
FNDA:0,getTasks
FNDA:0,getTask
FNDA:0,createTask
FNDA:0,deleteUser
FNDA:0,deleteTask
FNDA:0,updateUser
FNDA:0,updateTask
FNDA:0,oo_cm
FNDA:0,oo_oo
FNDA:0,oo_tr
FNDA:0,oo_ts
FNDA:0,oo_te
DA:1,1
DA:2,1
DA:5,0
DA:6,0
DA:7,0
DA:9,0
DA:30,0
DA:31,0
DA:32,0
DA:33,0
DA:36,0
DA:37,0
DA:39,0
DA:46,0
DA:47,0
DA:48,0
DA:49,0
DA:51,0
DA:56,0
DA:57,0
DA:58,0
DA:59,0
DA:61,0
DA:66,0
DA:69,0
DA:70,0
DA:71,0
DA:72,0
DA:74,0
DA:79,0
DA:80,0
DA:81,0
DA:82,0
DA:83,0
DA:85,0
DA:90,0
DA:91,0
DA:92,0
DA:93,0
DA:94,0
DA:96,0
DA:100,0
DA:101,0
DA:102,0
DA:103,0
DA:104,0
DA:105,0
DA:107,0
DA:110,0
DA:117,0
DA:118,0
DA:119,0
DA:120,0
DA:121,0
DA:123,0
DA:124,0
DA:126,0
DA:129,0
DA:133,1
DA:142,0
LF:60
LH:3
BRDA:104,0,0,0
BRDA:104,0,1,0
BRDA:123,1,0,0
BRDA:123,1,1,0
BRDA:142,2,0,0
BRDA:142,2,1,0
BRF:6
BRH:0
end_of_record
TN:
SF:controllers\usersControllers.js
FN:4,(anonymous_0)
FN:9,(anonymous_1)
FN:27,(anonymous_2)
FNF:3
FNH:0
FNDA:0,(anonymous_0)
FNDA:0,(anonymous_1)
FNDA:0,(anonymous_2)
DA:1,1
DA:2,1
DA:4,1
DA:5,0
DA:9,1
DA:10,0
DA:12,0
DA:13,0
DA:15,0
DA:17,0
DA:21,0
DA:27,1
DA:28,0
DA:30,0
DA:31,0
DA:33,0
DA:35,0
DA:39,0
DA:60,1
LF:19
LH:6
BRF:0
BRH:0
end_of_record
TN:
SF:models\tasksModels.js
FNF:0
FNH:0
DA:1,1
DA:3,1
DA:5,1
DA:24,1
LF:4
LH:4
BRF:0
BRH:0
end_of_record
TN:
SF:models\usersModel.js
FN:20,(anonymous_0)
FN:50,(anonymous_1)
FNF:2
FNH:0
FNDA:0,(anonymous_0)
FNDA:0,(anonymous_1)
DA:1,1
DA:2,1
DA:3,1
DA:5,1
DA:7,1
DA:20,1
DA:22,0
DA:23,0
DA:26,0
DA:27,0
DA:30,0
DA:31,0
DA:34,0
DA:36,0
DA:37,0
DA:40,0
DA:42,0
DA:44,0
DA:46,0
DA:50,1
DA:52,0
DA:53,0
DA:56,0
DA:58,0
DA:59,0
DA:62,0
DA:64,0
DA:65,0
DA:68,0
DA:73,1
LF:30
LH:8
BRDA:22,0,0,0
BRDA:22,0,1,0
BRDA:22,1,0,0
BRDA:22,1,1,0
BRDA:26,2,0,0
BRDA:26,2,1,0
BRDA:30,3,0,0
BRDA:30,3,1,0
BRDA:36,4,0,0
BRDA:36,4,1,0
BRDA:52,5,0,0
BRDA:52,5,1,0
BRDA:52,6,0,0
BRDA:52,6,1,0
BRDA:58,7,0,0
BRDA:58,7,1,0
BRDA:64,8,0,0
BRDA:64,8,1,0
BRF:18
BRH:0
end_of_record
TN:
SF:routes\tasksRoutes.js
FNF:0
FNH:0
DA:1,1
DA:3,1
DA:5,1
DA:7,1
DA:8,1
DA:9,1
DA:11,1
DA:14,1
DA:15,1
DA:18,1
LF:10
LH:10
BRF:0
BRH:0
end_of_record
TN:
SF:routes\userRoutes.js
FNF:0
FNH:0
DA:1,1
DA:2,1
DA:4,1
DA:7,1
DA:10,1
DA:15,1
LF:6
LH:6
BRF:0
BRH:0
end_of_record
